<?xml version="1.0" encoding="UTF-8"?>
<!-- Generated by org.testng.reporters.JUnitReportReporter -->
<testsuite skipped="0" hostname="HITGARG-IN" name="com.nopCommerce.testCases.TestCaseLoginPage_001" tests="1" failures="0" timestamp="02 Sep 2020 11:50:08 GMT" time="8.739" errors="0">
  <testcase name="logIn" time="8.739" classname="com.nopCommerce.testCases.TestCaseLoginPage_001"/>
</testsuite> <!-- com.nopCommerce.testCases.TestCaseLoginPage_001 -->
