<?xml version="1.0" encoding="UTF-8"?>
<!-- Generated by org.testng.reporters.JUnitReportReporter -->
<testsuite skipped="0" hostname="HITGARG-IN" name="com.nopCommerce.testCases.TestCaseAddNewCustomer_003" tests="1" failures="0" timestamp="02 Sep 2020 11:50:08 GMT" time="45.095" errors="0">
  <testcase name="addNewCustomer" time="45.095" classname="com.nopCommerce.testCases.TestCaseAddNewCustomer_003"/>
</testsuite> <!-- com.nopCommerce.testCases.TestCaseAddNewCustomer_003 -->
